<?xml version="1.0" encoding="UTF-8"?>
<!-- Generated by org.testng.reporters.JUnitReportReporter -->
<testsuite hostname="Surya" failures="0" tests="1" name="FaceBookTestCases.A210_fblogin" time="16.012" errors="0" timestamp="2024-08-22T18:57:39 IST" skipped="0">
  <testcase classname="FaceBookTestCases.A210_fblogin" name="login" time="16.012"/>
</testsuite> <!-- FaceBookTestCases.A210_fblogin -->
