<?xml version="1.0" encoding="UTF-8"?>
<!-- Generated by org.testng.reporters.JUnitReportReporter -->
<testsuite hostname="Surya" failures="0" tests="1" name="AmazonTestCases.TestCase1Login" time="10.084" errors="0" timestamp="2024-08-22T12:30:30 IST" skipped="0">
  <testcase classname="AmazonTestCases.TestCase1Login" name="loginamazon" time="10.084"/>
</testsuite> <!-- AmazonTestCases.TestCase1Login -->
