<?xml version="1.0" encoding="UTF-8"?>
<!-- Generated by org.testng.reporters.JUnitReportReporter -->
<testsuite hostname="Surya" failures="0" tests="1" name="AmazonTestCases.TestCase2Search" time="10.522" errors="0" timestamp="2024-08-22T10:49:24 IST" skipped="0">
  <testcase classname="AmazonTestCases.TestCase2Search" name="amazon_search" time="10.522"/>
</testsuite> <!-- AmazonTestCases.TestCase2Search -->
