<?xml version="1.0" encoding="UTF-8"?>
<!-- Generated by org.testng.reporters.JUnitReportReporter -->
<testsuite hostname="Surya" failures="0" tests="3" name="Project2Airline.TestCase15Payment" time="102.796" errors="0" timestamp="2024-09-11T15:11:13 IST" skipped="2">
  <testcase classname="Project2Airline.TestCase15Payment" name="payment" time="26.612">
    <skipped/>
  </testcase> <!-- payment -->
  <testcase classname="Project2Airline.TestCase15Payment" name="payment" time="46.528">
    <system-out>
      <![CDATA[TestCASE is Passed, Check Screenshots for better INFO]]>
    </system-out>
  </testcase> <!-- payment -->
  <testcase classname="Project2Airline.TestCase15Payment" name="payment" time="29.656">
    <skipped/>
  </testcase> <!-- payment -->
  <system-out>
    <![CDATA[TestCASE is Passed, Check Screenshots for better INFO
TestCASE is Passed, Check Screenshots for better INFO
TestCASE is Passed, Check Screenshots for better INFO
TestCASE is Passed, Check Screenshots for better INFO
TestCASE is Passed, Check Screenshots for better INFO
TestCASE is Passed, Check Screenshots for better INFO
TestCASE is Passed, Check Screenshots for better INFO
TestCASE is Passed, Check Screenshots for better INFO
TestCASE is Passed, Check Screenshots for better INFO
TestCASE is Passed, Check Screenshots for better INFO
TestCASE is Passed, Check Screenshots for better INFO
TestCASE is Passed, Check Screenshots for better INFO
TestCASE is Passed, Check Screenshots for better INFO]]>
  </system-out>
</testsuite> <!-- Project2Airline.TestCase15Payment -->
