<?xml version="1.0" encoding="UTF-8"?>
<!-- Generated by org.testng.reporters.JUnitReportReporter -->
<testsuite hostname="Surya" failures="0" tests="1" name="AmazonTestCases.TestCase4Wishlist" time="21.326" errors="0" timestamp="2024-08-22T12:09:15 IST" skipped="0">
  <testcase classname="AmazonTestCases.TestCase4Wishlist" name="wishlist" time="21.326"/>
</testsuite> <!-- AmazonTestCases.TestCase4Wishlist -->
