<?xml version="1.0" encoding="UTF-8"?>
<!-- Generated by org.testng.reporters.JUnitReportReporter -->
<testsuite hostname="Surya" failures="0" tests="1" name="AmazonTestCases.TestCase3Register" time="9.749" errors="0" timestamp="2024-08-22T11:46:22 IST" skipped="0">
  <testcase classname="AmazonTestCases.TestCase3Register" name="register_amazon" time="9.749"/>
</testsuite> <!-- AmazonTestCases.TestCase3Register -->
