<?xml version="1.0" encoding="UTF-8"?>
<!-- Generated by org.testng.reporters.JUnitReportReporter -->
<testsuite hostname="Surya" failures="0" tests="1" name="Project1Ecommerce.TestCase8_relevance_rating" time="14.978" errors="0" timestamp="2024-08-24T11:54:50 IST" skipped="0">
  <testcase classname="Project1Ecommerce.TestCase8_relevance_rating" name="relevance_rating" time="14.978"/>
</testsuite> <!-- Project1Ecommerce.TestCase8_relevance_rating -->
