<?xml version="1.0" encoding="UTF-8"?>
<!-- Generated by org.testng.reporters.JUnitReportReporter -->
<testsuite hostname="Surya" failures="0" tests="1" name="ClassProg.linksprint" time="23.558" errors="0" timestamp="2024-08-23T09:12:09 IST" skipped="0">
  <testcase classname="ClassProg.linksprint" name="google" time="23.558"/>
</testsuite> <!-- ClassProg.linksprint -->
