<?xml version="1.0" encoding="UTF-8"?>
<!-- Generated by org.testng.reporters.JUnitReportReporter -->
<testsuite hostname="Surya" failures="0" tests="1" name="AmazonTestCases.A215_TestCase4Wishlist" time="18.881" errors="0" timestamp="2024-08-23T08:38:16 IST" skipped="0">
  <testcase classname="AmazonTestCases.A215_TestCase4Wishlist" name="wishlist" time="18.881"/>
</testsuite> <!-- AmazonTestCases.A215_TestCase4Wishlist -->
