<?xml version="1.0" encoding="UTF-8"?>
<!-- Generated by org.testng.reporters.JUnitReportReporter -->
<testsuite hostname="Surya" failures="0" tests="1" name="AmazonTestCases.A214_TestCase3Register" time="10.820" errors="0" timestamp="2024-08-23T18:16:54 IST" skipped="0">
  <testcase classname="AmazonTestCases.A214_TestCase3Register" name="register_amazon" time="10.820"/>
</testsuite> <!-- AmazonTestCases.A214_TestCase3Register -->
