<?xml version="1.0" encoding="UTF-8"?>
<!-- Generated by org.testng.reporters.JUnitReportReporter -->
<testsuite hostname="Surya" failures="0" tests="1" name="ClassProg.amazonamazon" time="8.691" errors="0" timestamp="2024-08-24T23:50:07 IST" skipped="0">
  <testcase classname="ClassProg.amazonamazon" name="sortby" time="8.691"/>
</testsuite> <!-- ClassProg.amazonamazon -->
