<?xml version="1.0" encoding="UTF-8"?>
<!-- Generated by org.testng.reporters.JUnitReportReporter -->
<testsuite hostname="Surya" failures="0" tests="1" name="FaceBookTestCases.A211_fblogin_search" time="37.976" errors="0" timestamp="2024-08-25T12:33:29 IST" skipped="0">
  <testcase classname="FaceBookTestCases.A211_fblogin_search" name="login_search" time="37.976"/>
</testsuite> <!-- FaceBookTestCases.A211_fblogin_search -->
