<?xml version="1.0" encoding="UTF-8"?>
<!-- Generated by org.testng.reporters.JUnitReportReporter -->
<testsuite hostname="Surya" failures="0" tests="1" name="Project2Airline.TestCase12LoginSearchLogout" time="21.308" errors="0" timestamp="2024-09-09T08:47:04 IST" skipped="0">
  <testcase classname="Project2Airline.TestCase12LoginSearchLogout" name="loginsearchlogout" time="21.308">
    <system-out>
      <![CDATA[TestCASE is Passed, Check Screenshots for better INFO]]>
    </system-out>
  </testcase> <!-- loginsearchlogout -->
  <system-out>
    <![CDATA[TestCASE is Passed, Check Screenshots for better INFO
TestCASE is Passed, Check Screenshots for better INFO
TestCASE is Passed, Check Screenshots for better INFO
TestCASE is Passed, Check Screenshots for better INFO
TestCASE is Passed, Check Screenshots for better INFO
TestCASE is Passed, Check Screenshots for better INFO
TestCASE is Passed, Check Screenshots for better INFO
TestCASE is Passed, Check Screenshots for better INFO
TestCASE is Passed, Check Screenshots for better INFO
TestCASE is Passed, Check Screenshots for better INFO
TestCASE is Passed, Check Screenshots for better INFO
TestCASE is Passed, Check Screenshots for better INFO]]>
  </system-out>
</testsuite> <!-- Project2Airline.TestCase12LoginSearchLogout -->
